<?xml version="1.0" encoding="UTF-8"?>
<!-- Generated by org.testng.reporters.JUnitReportReporter -->
<testsuite skipped="0" hostname="DESKTOP-T4RFUB8" name="com.herokuapp.testleaf.Window" tests="1" failures="0" timestamp="2019-10-10T17:06:43 UZT" time="2.977" errors="0">
  <testcase name="windowTest2" time="2.977" classname="com.herokuapp.testleaf.Window"/>
</testsuite> <!-- com.herokuapp.testleaf.Window -->
