<?xml version="1.0" encoding="UTF-8"?>
<!-- Generated by org.testng.reporters.JUnitReportReporter -->
<testsuite skipped="0" hostname="DESKTOP-T4RFUB8" name="com.herokuapp.testleaf.Frame" tests="1" failures="0" timestamp="2019-09-29T14:34:57 UZT" time="2.539" errors="0">
  <testcase name="frameTest" time="2.539" classname="com.herokuapp.testleaf.Frame"/>
</testsuite> <!-- com.herokuapp.testleaf.Frame -->
