<?xml version="1.0" encoding="UTF-8"?>
<!-- Generated by org.testng.reporters.JUnitReportReporter -->
<testsuite skipped="0" hostname="DESKTOP-T4RFUB8" name="com.Automationpractice.login.LoginTestWithReporting" tests="1" failures="0" timestamp="2019-10-09T18:54:41 UZT" time="8.413" errors="0">
  <testcase name="loginWithValidUserIdAndPassword" time="8.413" classname="com.Automationpractice.login.LoginTestWithReporting"/>
</testsuite> <!-- com.Automationpractice.login.LoginTestWithReporting -->
