<?xml version="1.0" encoding="UTF-8"?>
<!-- Generated by org.testng.reporters.JUnitReportReporter -->
<testsuite skipped="0" hostname="DESKTOP-T4RFUB8" name="automationpractice.demos.TestNGAnnotationDemo" tests="2" failures="0" timestamp="2019-10-02T12:19:10 UZT" time="0.006" errors="0">
  <testcase name="testTwo" time="0.001" classname="automationpractice.demos.TestNGAnnotationDemo"/>
  <testcase name="testOne" time="0.005" classname="automationpractice.demos.TestNGAnnotationDemo"/>
</testsuite> <!-- automationpractice.demos.TestNGAnnotationDemo -->
