<?xml version="1.0" encoding="UTF-8"?>
<!-- Generated by org.testng.reporters.JUnitReportReporter -->
<testsuite skipped="0" hostname="DESKTOP-T4RFUB8" name="com.herokuapp.testleaf.Table" tests="1" failures="0" timestamp="2019-10-08T18:53:21 UZT" time="3.551" errors="0">
  <testcase name="tableTest5" time="3.551" classname="com.herokuapp.testleaf.Table"/>
</testsuite> <!-- com.herokuapp.testleaf.Table -->
