<?xml version="1.0" encoding="UTF-8"?>
<!-- Generated by org.testng.reporters.JUnitReportReporter -->
<testsuite skipped="0" hostname="DESKTOP-T4RFUB8" name="com.herokuapp.the_internet.SortableDataTables" tests="1" failures="0" timestamp="2019-11-03T11:01:43 UZT" time="4.388" errors="0">
  <testcase name="tableTest1" time="4.388" classname="com.herokuapp.the_internet.SortableDataTables"/>
</testsuite> <!-- com.herokuapp.the_internet.SortableDataTables -->
