<?xml version="1.0" encoding="UTF-8"?>
<!-- Generated by org.testng.reporters.JUnitReportReporter -->
<testsuite skipped="0" hostname="DESKTOP-T4RFUB8" name="com.herokuapp.testleaf.Alerts" tests="1" failures="0" timestamp="2019-09-29T15:05:38 UZT" time="5.978" errors="0">
  <testcase name="alert3" time="5.978" classname="com.herokuapp.testleaf.Alerts"/>
</testsuite> <!-- com.herokuapp.testleaf.Alerts -->
