<?xml version="1.0" encoding="UTF-8"?>
<!-- Generated by org.testng.reporters.JUnitReportReporter -->
<testsuite skipped="0" hostname="DESKTOP-T4RFUB8" name="warm_up_tasks.WarmUpDay77" tests="1" failures="0" timestamp="2019-10-13T10:25:42 UZT" time="0.461" errors="0">
  <testcase name="mapTask" time="0.461" classname="warm_up_tasks.WarmUpDay77"/>
</testsuite> <!-- warm_up_tasks.WarmUpDay77 -->
