<?xml version="1.0" encoding="UTF-8"?>
<!-- Generated by org.testng.reporters.JUnitReportReporter -->
<testsuite skipped="0" hostname="DESKTOP-T4RFUB8" name="Driver_Factory.demo1" tests="1" failures="0" timestamp="2019-10-18T08:44:33 UZT" time="9.752" errors="0">
  <testcase name="testOne" time="9.752" classname="Driver_Factory.demo1"/>
</testsuite> <!-- Driver_Factory.demo1 -->
