<?xml version="1.0" encoding="UTF-8"?>
<!-- Generated by org.testng.reporters.JUnitReportReporter -->
<testsuite skipped="0" hostname="DESKTOP-T4RFUB8" name="automationpractice.demos.ParrallelSet1" tests="1" failures="0" timestamp="2019-10-04T23:34:02 UZT" time="12.015" errors="0">
  <testcase name="testOne" time="12.015" classname="automationpractice.demos.ParrallelSet1"/>
</testsuite> <!-- automationpractice.demos.ParrallelSet1 -->
