<?xml version="1.0" encoding="UTF-8"?>
<!-- Generated by org.testng.reporters.JUnitReportReporter -->
<testsuite skipped="0" hostname="DESKTOP-T4RFUB8" name="automationpractice.demos.TestNGDataProviderDemo" tests="3" failures="0" timestamp="2019-10-04T22:59:09 UZT" time="0.015" errors="0">
  <testcase name="calculateMortgageMonthPayment" time="0.014" classname="automationpractice.demos.TestNGDataProviderDemo"/>
  <testcase name="calculateMortgageMonthPayment" time="0.001" classname="automationpractice.demos.TestNGDataProviderDemo"/>
  <testcase name="calculateMortgageMonthPayment" time="0.000" classname="automationpractice.demos.TestNGDataProviderDemo"/>
</testsuite> <!-- automationpractice.demos.TestNGDataProviderDemo -->
