<?xml version="1.0" encoding="UTF-8"?>
<!-- Generated by org.testng.reporters.JUnitReportReporter -->
<testsuite skipped="0" hostname="DESKTOP-T4RFUB8" name="automationpractice.demos.TestNGGroups" tests="1" failures="0" timestamp="2019-10-02T20:45:42 UZT" time="0.021" errors="0">
  <testcase name="testOne" time="0.021" classname="automationpractice.demos.TestNGGroups"/>
</testsuite> <!-- automationpractice.demos.TestNGGroups -->
