<?xml version="1.0" encoding="UTF-8"?>
<!-- Generated by org.testng.reporters.JUnitReportReporter -->
<testsuite skipped="0" hostname="DESKTOP-T4RFUB8" name="automationpractice.demos.WebDriverSwitchWindow" tests="1" failures="0" timestamp="2019-10-04T16:22:13 UZT" time="37.295" errors="0">
  <testcase name="switchWindowAndPerformActionInNewWindows" time="37.295" classname="automationpractice.demos.WebDriverSwitchWindow"/>
</testsuite> <!-- automationpractice.demos.WebDriverSwitchWindow -->
