<?xml version="1.0" encoding="UTF-8"?>
<!-- Generated by org.testng.reporters.JUnitReportReporter -->
<testsuite skipped="0" hostname="DESKTOP-T4RFUB8" name="automationpractice.demos.JavascriptDemo" tests="1" failures="0" timestamp="2019-10-13T14:21:45 UZT" time="8.757" errors="0">
  <testcase name="scrollTOElement" time="8.757" classname="automationpractice.demos.JavascriptDemo"/>
</testsuite> <!-- automationpractice.demos.JavascriptDemo -->
