<?xml version="1.0" encoding="UTF-8"?>
<!-- Generated by org.testng.reporters.JUnitReportReporter -->
<testsuite skipped="0" hostname="DESKTOP-T4RFUB8" name="automationpractice.demos.ParrallelSet3" tests="3" failures="0" timestamp="2019-10-04T23:45:33 UZT" time="32.298" errors="0">
  <testcase name="testOne" time="13.094" classname="automationpractice.demos.ParrallelSet3"/>
  <testcase name="testThree" time="15.590" classname="automationpractice.demos.ParrallelSet3"/>
  <testcase name="testTwo" time="3.614" classname="automationpractice.demos.ParrallelSet3"/>
</testsuite> <!-- automationpractice.demos.ParrallelSet3 -->
