<?xml version="1.0" encoding="UTF-8"?>
<!-- Generated by org.testng.reporters.JUnitReportReporter -->
<testsuite skipped="0" hostname="DESKTOP-T4RFUB8" name="com.herokuapp.testleaf.CheckBox" tests="1" failures="0" timestamp="2019-10-06T19:14:48 UZT" time="4.372" errors="0">
  <testcase name="chekboxTest3" time="4.372" classname="com.herokuapp.testleaf.CheckBox"/>
</testsuite> <!-- com.herokuapp.testleaf.CheckBox -->
