<?xml version="1.0" encoding="UTF-8"?>
<!-- Generated by org.testng.reporters.JUnitReportReporter -->
<testsuite skipped="0" hostname="DESKTOP-T4RFUB8" name="com.Automationpractice.login.LoginTests" tests="1" failures="0" timestamp="2019-11-14T12:20:10 UZT" time="16.760" errors="0">
  <testcase name="Login_with_invalid_userid" time="16.760" classname="com.Automationpractice.login.LoginTests"/>
</testsuite> <!-- com.Automationpractice.login.LoginTests -->
