<?xml version="1.0" encoding="UTF-8"?>
<!-- Generated by org.testng.reporters.JUnitReportReporter -->
<testsuite skipped="0" hostname="DESKTOP-T4RFUB8" name="com.Automationpractice.user_registration.UserRegistration" tests="1" failures="0" timestamp="2019-11-15T00:19:30 UZT" time="41.770" errors="0">
  <testcase name="useerRegistration" time="41.770" classname="com.Automationpractice.user_registration.UserRegistration"/>
</testsuite> <!-- com.Automationpractice.user_registration.UserRegistration -->
